
::1 - - [15/May/2018:23:07:47 +0000] "GET /1111 HTTP/1.1" 404 143 "-" "Mozilla/5.0 (Windows NT 10.0; Win64; x64) AppleWebKit/537.36 (KHTML, like Gecko) Chrome/66.0.3359.170 Safari/537.36"
::1 - - [15/May/2018:23:10:33 +0000] "GET /group/1111 HTTP/1.1" 500 2804 "-" "Mozilla/5.0 (Windows NT 10.0; Win64; x64) AppleWebKit/537.36 (KHTML, like Gecko) Chrome/66.0.3359.170 Safari/537.36"
::1 - - [15/May/2018:23:12:02 +0000] "GET /group/1111 HTTP/1.1" 500 2804 "-" "Mozilla/5.0 (Windows NT 10.0; Win64; x64) AppleWebKit/537.36 (KHTML, like Gecko) Chrome/66.0.3359.170 Safari/537.36"
::1 - - [15/May/2018:23:13:15 +0000] "GET /group/1111 HTTP/1.1" 200 2849 "-" "Mozilla/5.0 (Windows NT 10.0; Win64; x64) AppleWebKit/537.36 (KHTML, like Gecko) Chrome/66.0.3359.170 Safari/537.36"
::1 - - [15/May/2018:23:13:16 +0000] "GET /js/group.js HTTP/1.1" 404 150 "http://localhost:8080/group/1111" "Mozilla/5.0 (Windows NT 10.0; Win64; x64) AppleWebKit/537.36 (KHTML, like Gecko) Chrome/66.0.3359.170 Safari/537.36"
::1 - - [15/May/2018:23:13:16 +0000] "GET /assets/img/121.jpg HTTP/1.1" 304 - "http://localhost:8080/group/1111" "Mozilla/5.0 (Windows NT 10.0; Win64; x64) AppleWebKit/537.36 (KHTML, like Gecko) Chrome/66.0.3359.170 Safari/537.36"
::1 - - [15/May/2018:23:13:16 +0000] "GET /js/group.js HTTP/1.1" 404 150 "http://localhost:8080/group/1111" "Mozilla/5.0 (Windows NT 10.0; Win64; x64) AppleWebKit/537.36 (KHTML, like Gecko) Chrome/66.0.3359.170 Safari/537.36"
::1 - - [15/May/2018:23:20:50 +0000] "GET /group/1111 HTTP/1.1" 200 2861 "-" "Mozilla/5.0 (Windows NT 10.0; Win64; x64) AppleWebKit/537.36 (KHTML, like Gecko) Chrome/66.0.3359.170 Safari/537.36"
::1 - - [15/May/2018:23:20:50 +0000] "GET /assets/img/121.jpg HTTP/1.1" 304 - "http://localhost:8080/group/1111" "Mozilla/5.0 (Windows NT 10.0; Win64; x64) AppleWebKit/537.36 (KHTML, like Gecko) Chrome/66.0.3359.170 Safari/537.36"
::1 - - [15/May/2018:23:20:50 +0000] "GET /js/group.js HTTP/1.1" 200 6697 "http://localhost:8080/group/1111" "Mozilla/5.0 (Windows NT 10.0; Win64; x64) AppleWebKit/537.36 (KHTML, like Gecko) Chrome/66.0.3359.170 Safari/537.36"
::1 - - [15/May/2018:23:43:37 +0000] "GET /profile/388 HTTP/1.1" 304 - "-" "Mozilla/5.0 (Windows NT 10.0; Win64; x64) AppleWebKit/537.36 (KHTML, like Gecko) Chrome/66.0.3359.170 Safari/537.36"
::1 - - [15/May/2018:23:43:38 +0000] "GET /assets/img/121.jpg HTTP/1.1" 200 10886 "http://localhost:8080/profile/388" "Mozilla/5.0 (Windows NT 10.0; Win64; x64) AppleWebKit/537.36 (KHTML, like Gecko) Chrome/66.0.3359.170 Safari/537.36"
::1 - - [15/May/2018:23:43:38 +0000] "GET /js/profile.js HTTP/1.1" 304 - "http://localhost:8080/profile/388" "Mozilla/5.0 (Windows NT 10.0; Win64; x64) AppleWebKit/537.36 (KHTML, like Gecko) Chrome/66.0.3359.170 Safari/537.36"
::1 - - [15/May/2018:23:43:49 +0000] "GET /groups HTTP/1.1" 404 145 "-" "Mozilla/5.0 (Windows NT 10.0; Win64; x64) AppleWebKit/537.36 (KHTML, like Gecko) Chrome/66.0.3359.170 Safari/537.36"
::1 - - [15/May/2018:23:43:52 +0000] "GET /group HTTP/1.1" 404 144 "-" "Mozilla/5.0 (Windows NT 10.0; Win64; x64) AppleWebKit/537.36 (KHTML, like Gecko) Chrome/66.0.3359.170 Safari/537.36"
::1 - - [15/May/2018:23:45:22 +0000] "GET /newgroup HTTP/1.1" 200 2638 "-" "Mozilla/5.0 (Windows NT 10.0; Win64; x64) AppleWebKit/537.36 (KHTML, like Gecko) Chrome/66.0.3359.170 Safari/537.36"
::1 - - [15/May/2018:23:45:22 +0000] "GET /js/newgroup.js HTTP/1.1" 304 - "http://localhost:8080/newgroup" "Mozilla/5.0 (Windows NT 10.0; Win64; x64) AppleWebKit/537.36 (KHTML, like Gecko) Chrome/66.0.3359.170 Safari/537.36"
::1 - - [15/May/2018:23:45:22 +0000] "GET /js/newgroup.js HTTP/1.1" 304 - "http://localhost:8080/newgroup" "Mozilla/5.0 (Windows NT 10.0; Win64; x64) AppleWebKit/537.36 (KHTML, like Gecko) Chrome/66.0.3359.170 Safari/537.36"
::1 - - [15/May/2018:23:46:59 +0000] "GET /newgroup HTTP/1.1" 200 2953 "-" "Mozilla/5.0 (Windows NT 10.0; Win64; x64) AppleWebKit/537.36 (KHTML, like Gecko) Chrome/66.0.3359.170 Safari/537.36"
::1 - - [15/May/2018:23:46:59 +0000] "GET /js/newgroup.js HTTP/1.1" 304 - "http://localhost:8080/newgroup" "Mozilla/5.0 (Windows NT 10.0; Win64; x64) AppleWebKit/537.36 (KHTML, like Gecko) Chrome/66.0.3359.170 Safari/537.36"
::1 - - [15/May/2018:23:47:39 +0000] "GET /newgroup HTTP/1.1" 200 2944 "-" "Mozilla/5.0 (Windows NT 10.0; Win64; x64) AppleWebKit/537.36 (KHTML, like Gecko) Chrome/66.0.3359.170 Safari/537.36"
::1 - - [15/May/2018:23:47:39 +0000] "GET /js/newgroup.js HTTP/1.1" 304 - "http://localhost:8080/newgroup" "Mozilla/5.0 (Windows NT 10.0; Win64; x64) AppleWebKit/537.36 (KHTML, like Gecko) Chrome/66.0.3359.170 Safari/537.36"
::1 - - [15/May/2018:23:47:52 +0000] "GET /newgroup HTTP/1.1" 200 2952 "-" "Mozilla/5.0 (Windows NT 10.0; Win64; x64) AppleWebKit/537.36 (KHTML, like Gecko) Chrome/66.0.3359.170 Safari/537.36"
::1 - - [15/May/2018:23:47:52 +0000] "GET /js/newgroup.js HTTP/1.1" 304 - "http://localhost:8080/newgroup" "Mozilla/5.0 (Windows NT 10.0; Win64; x64) AppleWebKit/537.36 (KHTML, like Gecko) Chrome/66.0.3359.170 Safari/537.36"
::1 - - [15/May/2018:23:48:54 +0000] "GET /newgroup HTTP/1.1" 200 2956 "-" "Mozilla/5.0 (Windows NT 10.0; Win64; x64) AppleWebKit/537.36 (KHTML, like Gecko) Chrome/66.0.3359.170 Safari/537.36"
::1 - - [15/May/2018:23:48:54 +0000] "GET /js/newgroup.js HTTP/1.1" 304 - "http://localhost:8080/newgroup" "Mozilla/5.0 (Windows NT 10.0; Win64; x64) AppleWebKit/537.36 (KHTML, like Gecko) Chrome/66.0.3359.170 Safari/537.36"
::1 - - [15/May/2018:23:49:24 +0000] "GET /newgroup HTTP/1.1" 200 3016 "-" "Mozilla/5.0 (Windows NT 10.0; Win64; x64) AppleWebKit/537.36 (KHTML, like Gecko) Chrome/66.0.3359.170 Safari/537.36"
::1 - - [15/May/2018:23:49:24 +0000] "GET /js/newgroup.js HTTP/1.1" 304 - "http://localhost:8080/newgroup" "Mozilla/5.0 (Windows NT 10.0; Win64; x64) AppleWebKit/537.36 (KHTML, like Gecko) Chrome/66.0.3359.170 Safari/537.36"
::1 - - [15/May/2018:23:50:44 +0000] "GET /registert HTTP/1.1" 404 148 "-" "Mozilla/5.0 (Windows NT 10.0; Win64; x64) AppleWebKit/537.36 (KHTML, like Gecko) Chrome/66.0.3359.170 Safari/537.36"
::1 - - [15/May/2018:23:50:48 +0000] "GET /register HTTP/1.1" 200 3228 "-" "Mozilla/5.0 (Windows NT 10.0; Win64; x64) AppleWebKit/537.36 (KHTML, like Gecko) Chrome/66.0.3359.170 Safari/537.36"
::1 - - [15/May/2018:23:50:48 +0000] "GET /js/register.js HTTP/1.1" 200 7361 "http://localhost:8080/register" "Mozilla/5.0 (Windows NT 10.0; Win64; x64) AppleWebKit/537.36 (KHTML, like Gecko) Chrome/66.0.3359.170 Safari/537.36"
::1 - - [15/May/2018:23:52:37 +0000] "GET /newgroup HTTP/1.1" 200 3017 "-" "Mozilla/5.0 (Windows NT 10.0; Win64; x64) AppleWebKit/537.36 (KHTML, like Gecko) Chrome/66.0.3359.170 Safari/537.36"
::1 - - [15/May/2018:23:52:37 +0000] "GET /js/newgroup.js HTTP/1.1" 304 - "http://localhost:8080/newgroup" "Mozilla/5.0 (Windows NT 10.0; Win64; x64) AppleWebKit/537.36 (KHTML, like Gecko) Chrome/66.0.3359.170 Safari/537.36"
::1 - - [15/May/2018:23:53:10 +0000] "GET /newgroup HTTP/1.1" 200 3031 "-" "Mozilla/5.0 (Windows NT 10.0; Win64; x64) AppleWebKit/537.36 (KHTML, like Gecko) Chrome/66.0.3359.170 Safari/537.36"
::1 - - [15/May/2018:23:53:10 +0000] "GET /js/newgroup.js HTTP/1.1" 304 - "http://localhost:8080/newgroup" "Mozilla/5.0 (Windows NT 10.0; Win64; x64) AppleWebKit/537.36 (KHTML, like Gecko) Chrome/66.0.3359.170 Safari/537.36"
::1 - - [15/May/2018:23:57:07 +0000] "GET /groups HTTP/1.1" 500 2584 "-" "Mozilla/5.0 (Windows NT 10.0; Win64; x64) AppleWebKit/537.36 (KHTML, like Gecko) Chrome/66.0.3359.170 Safari/537.36"
::ffff:127.0.0.1 - - [15/May/2018:23:59:50 +0000] "GET /groups HTTP/1.1" 200 2306 "-" "Mozilla/5.0 (Windows NT 10.0; Win64; x64) AppleWebKit/537.36 (KHTML, like Gecko) Chrome/66.0.3359.170 Safari/537.36"
::ffff:127.0.0.1 - - [15/May/2018:23:59:50 +0000] "GET /js/groups.js HTTP/1.1" 304 - "http://localhost:8080/groups" "Mozilla/5.0 (Windows NT 10.0; Win64; x64) AppleWebKit/537.36 (KHTML, like Gecko) Chrome/66.0.3359.170 Safari/537.36"
::1 - - [16/May/2018:00:03:21 +0000] "GET /groups HTTP/1.1" 200 2307 "-" "Mozilla/5.0 (Windows NT 10.0; Win64; x64) AppleWebKit/537.36 (KHTML, like Gecko) Chrome/66.0.3359.170 Safari/537.36"
::1 - - [16/May/2018:00:03:21 +0000] "GET /js/groups.js HTTP/1.1" 304 - "http://localhost:8080/groups" "Mozilla/5.0 (Windows NT 10.0; Win64; x64) AppleWebKit/537.36 (KHTML, like Gecko) Chrome/66.0.3359.170 Safari/537.36"
::1 - - [16/May/2018:00:03:53 +0000] "GET / HTTP/1.1" 200 3255 "http://localhost:8080/groups" "Mozilla/5.0 (Windows NT 10.0; Win64; x64) AppleWebKit/537.36 (KHTML, like Gecko) Chrome/66.0.3359.170 Safari/537.36"
::1 - - [16/May/2018:00:03:53 +0000] "GET /js/home.js HTTP/1.1" 304 - "http://localhost:8080/" "Mozilla/5.0 (Windows NT 10.0; Win64; x64) AppleWebKit/537.36 (KHTML, like Gecko) Chrome/66.0.3359.170 Safari/537.36"
::1 - - [16/May/2018:00:03:55 +0000] "GET /login HTTP/1.1" 200 2589 "http://localhost:8080/" "Mozilla/5.0 (Windows NT 10.0; Win64; x64) AppleWebKit/537.36 (KHTML, like Gecko) Chrome/66.0.3359.170 Safari/537.36"
::1 - - [16/May/2018:00:03:55 +0000] "GET /js/login.js HTTP/1.1" 200 7364 "http://localhost:8080/login" "Mozilla/5.0 (Windows NT 10.0; Win64; x64) AppleWebKit/537.36 (KHTML, like Gecko) Chrome/66.0.3359.170 Safari/537.36"
::1 - - [16/May/2018:00:03:56 +0000] "GET /register HTTP/1.1" 200 3230 "http://localhost:8080/login" "Mozilla/5.0 (Windows NT 10.0; Win64; x64) AppleWebKit/537.36 (KHTML, like Gecko) Chrome/66.0.3359.170 Safari/537.36"
::1 - - [16/May/2018:00:03:56 +0000] "GET /js/register.js HTTP/1.1" 304 - "http://localhost:8080/register" "Mozilla/5.0 (Windows NT 10.0; Win64; x64) AppleWebKit/537.36 (KHTML, like Gecko) Chrome/66.0.3359.170 Safari/537.36"
::1 - - [16/May/2018:00:03:58 +0000] "GET /login HTTP/1.1" 304 - "http://localhost:8080/register" "Mozilla/5.0 (Windows NT 10.0; Win64; x64) AppleWebKit/537.36 (KHTML, like Gecko) Chrome/66.0.3359.170 Safari/537.36"
::1 - - [16/May/2018:00:03:58 +0000] "GET /js/login.js HTTP/1.1" 304 - "http://localhost:8080/login" "Mozilla/5.0 (Windows NT 10.0; Win64; x64) AppleWebKit/537.36 (KHTML, like Gecko) Chrome/66.0.3359.170 Safari/537.36"
::1 - - [16/May/2018:00:03:58 +0000] "GET /register HTTP/1.1" 304 - "http://localhost:8080/login" "Mozilla/5.0 (Windows NT 10.0; Win64; x64) AppleWebKit/537.36 (KHTML, like Gecko) Chrome/66.0.3359.170 Safari/537.36"
::1 - - [16/May/2018:00:03:58 +0000] "GET /js/register.js HTTP/1.1" 304 - "http://localhost:8080/register" "Mozilla/5.0 (Windows NT 10.0; Win64; x64) AppleWebKit/537.36 (KHTML, like Gecko) Chrome/66.0.3359.170 Safari/537.36"
::1 - - [16/May/2018:00:04:00 +0000] "GET /register HTTP/1.1" 304 - "http://localhost:8080/register" "Mozilla/5.0 (Windows NT 10.0; Win64; x64) AppleWebKit/537.36 (KHTML, like Gecko) Chrome/66.0.3359.170 Safari/537.36"
::1 - - [16/May/2018:00:04:00 +0000] "GET /js/register.js HTTP/1.1" 304 - "http://localhost:8080/register" "Mozilla/5.0 (Windows NT 10.0; Win64; x64) AppleWebKit/537.36 (KHTML, like Gecko) Chrome/66.0.3359.170 Safari/537.36"
::1 - - [16/May/2018:00:04:00 +0000] "GET /login HTTP/1.1" 304 - "http://localhost:8080/register" "Mozilla/5.0 (Windows NT 10.0; Win64; x64) AppleWebKit/537.36 (KHTML, like Gecko) Chrome/66.0.3359.170 Safari/537.36"
::1 - - [16/May/2018:00:04:00 +0000] "GET /js/login.js HTTP/1.1" 304 - "http://localhost:8080/login" "Mozilla/5.0 (Windows NT 10.0; Win64; x64) AppleWebKit/537.36 (KHTML, like Gecko) Chrome/66.0.3359.170 Safari/537.36"
::1 - - [16/May/2018:00:04:01 +0000] "GET /register HTTP/1.1" 304 - "http://localhost:8080/login" "Mozilla/5.0 (Windows NT 10.0; Win64; x64) AppleWebKit/537.36 (KHTML, like Gecko) Chrome/66.0.3359.170 Safari/537.36"
::1 - - [16/May/2018:00:04:01 +0000] "GET /js/register.js HTTP/1.1" 304 - "http://localhost:8080/register" "Mozilla/5.0 (Windows NT 10.0; Win64; x64) AppleWebKit/537.36 (KHTML, like Gecko) Chrome/66.0.3359.170 Safari/537.36"
::1 - - [16/May/2018:00:04:04 +0000] "GET / HTTP/1.1" 304 - "http://localhost:8080/register" "Mozilla/5.0 (Windows NT 10.0; Win64; x64) AppleWebKit/537.36 (KHTML, like Gecko) Chrome/66.0.3359.170 Safari/537.36"
::1 - - [16/May/2018:00:04:04 +0000] "GET /js/home.js HTTP/1.1" 304 - "http://localhost:8080/" "Mozilla/5.0 (Windows NT 10.0; Win64; x64) AppleWebKit/537.36 (KHTML, like Gecko) Chrome/66.0.3359.170 Safari/537.36"
::1 - - [16/May/2018:00:04:08 +0000] "GET /login HTTP/1.1" 304 - "http://localhost:8080/" "Mozilla/5.0 (Windows NT 10.0; Win64; x64) AppleWebKit/537.36 (KHTML, like Gecko) Chrome/66.0.3359.170 Safari/537.36"
::1 - - [16/May/2018:00:04:08 +0000] "GET /js/login.js HTTP/1.1" 304 - "http://localhost:8080/login" "Mozilla/5.0 (Windows NT 10.0; Win64; x64) AppleWebKit/537.36 (KHTML, like Gecko) Chrome/66.0.3359.170 Safari/537.36"
::1 - - [16/May/2018:00:04:09 +0000] "GET /login HTTP/1.1" 304 - "http://localhost:8080/" "Mozilla/5.0 (Windows NT 10.0; Win64; x64) AppleWebKit/537.36 (KHTML, like Gecko) Chrome/66.0.3359.170 Safari/537.36"
::1 - - [16/May/2018:00:04:09 +0000] "GET /js/login.js HTTP/1.1" 304 - "http://localhost:8080/login" "Mozilla/5.0 (Windows NT 10.0; Win64; x64) AppleWebKit/537.36 (KHTML, like Gecko) Chrome/66.0.3359.170 Safari/537.36"
::1 - - [16/May/2018:00:04:10 +0000] "GET / HTTP/1.1" 304 - "http://localhost:8080/login" "Mozilla/5.0 (Windows NT 10.0; Win64; x64) AppleWebKit/537.36 (KHTML, like Gecko) Chrome/66.0.3359.170 Safari/537.36"
::1 - - [16/May/2018:00:04:10 +0000] "GET /js/home.js HTTP/1.1" 304 - "http://localhost:8080/" "Mozilla/5.0 (Windows NT 10.0; Win64; x64) AppleWebKit/537.36 (KHTML, like Gecko) Chrome/66.0.3359.170 Safari/537.36"
::1 - - [16/May/2018:00:04:11 +0000] "GET /register HTTP/1.1" 304 - "http://localhost:8080/" "Mozilla/5.0 (Windows NT 10.0; Win64; x64) AppleWebKit/537.36 (KHTML, like Gecko) Chrome/66.0.3359.170 Safari/537.36"
::1 - - [16/May/2018:00:04:11 +0000] "GET /js/register.js HTTP/1.1" 304 - "http://localhost:8080/register" "Mozilla/5.0 (Windows NT 10.0; Win64; x64) AppleWebKit/537.36 (KHTML, like Gecko) Chrome/66.0.3359.170 Safari/537.36"
::1 - - [16/May/2018:00:04:12 +0000] "GET /login HTTP/1.1" 304 - "http://localhost:8080/register" "Mozilla/5.0 (Windows NT 10.0; Win64; x64) AppleWebKit/537.36 (KHTML, like Gecko) Chrome/66.0.3359.170 Safari/537.36"
::1 - - [16/May/2018:00:04:12 +0000] "GET /js/login.js HTTP/1.1" 304 - "http://localhost:8080/login" "Mozilla/5.0 (Windows NT 10.0; Win64; x64) AppleWebKit/537.36 (KHTML, like Gecko) Chrome/66.0.3359.170 Safari/537.36"
::1 - - [16/May/2018:00:04:12 +0000] "GET /register HTTP/1.1" 304 - "http://localhost:8080/login" "Mozilla/5.0 (Windows NT 10.0; Win64; x64) AppleWebKit/537.36 (KHTML, like Gecko) Chrome/66.0.3359.170 Safari/537.36"
::1 - - [16/May/2018:00:04:12 +0000] "GET /js/register.js HTTP/1.1" 304 - "http://localhost:8080/register" "Mozilla/5.0 (Windows NT 10.0; Win64; x64) AppleWebKit/537.36 (KHTML, like Gecko) Chrome/66.0.3359.170 Safari/537.36"
::1 - - [16/May/2018:00:04:26 +0000] "POST /register HTTP/1.1" 200 3394 "http://localhost:8080/register" "Mozilla/5.0 (Windows NT 10.0; Win64; x64) AppleWebKit/537.36 (KHTML, like Gecko) Chrome/66.0.3359.170 Safari/537.36"
::1 - - [16/May/2018:00:04:26 +0000] "GET /js/register.js HTTP/1.1" 304 - "http://localhost:8080/register" "Mozilla/5.0 (Windows NT 10.0; Win64; x64) AppleWebKit/537.36 (KHTML, like Gecko) Chrome/66.0.3359.170 Safari/537.36"
::1 - - [16/May/2018:00:04:47 +0000] "POST /register HTTP/1.1" 200 3362 "http://localhost:8080/register" "Mozilla/5.0 (Windows NT 10.0; Win64; x64) AppleWebKit/537.36 (KHTML, like Gecko) Chrome/66.0.3359.170 Safari/537.36"
::1 - - [16/May/2018:00:04:47 +0000] "GET /js/register.js HTTP/1.1" 304 - "http://localhost:8080/register" "Mozilla/5.0 (Windows NT 10.0; Win64; x64) AppleWebKit/537.36 (KHTML, like Gecko) Chrome/66.0.3359.170 Safari/537.36"
::1 - - [16/May/2018:00:05:09 +0000] "POST /register HTTP/1.1" 302 68 "http://localhost:8080/register" "Mozilla/5.0 (Windows NT 10.0; Win64; x64) AppleWebKit/537.36 (KHTML, like Gecko) Chrome/66.0.3359.170 Safari/537.36"
::1 - - [16/May/2018:00:05:09 +0000] "GET /profile/389 HTTP/1.1" 200 2484 "http://localhost:8080/register" "Mozilla/5.0 (Windows NT 10.0; Win64; x64) AppleWebKit/537.36 (KHTML, like Gecko) Chrome/66.0.3359.170 Safari/537.36"
::1 - - [16/May/2018:00:05:09 +0000] "GET /assets/img/121.jpg HTTP/1.1" 304 - "http://localhost:8080/profile/389" "Mozilla/5.0 (Windows NT 10.0; Win64; x64) AppleWebKit/537.36 (KHTML, like Gecko) Chrome/66.0.3359.170 Safari/537.36"
::1 - - [16/May/2018:00:05:09 +0000] "GET /js/profile.js HTTP/1.1" 304 - "http://localhost:8080/profile/389" "Mozilla/5.0 (Windows NT 10.0; Win64; x64) AppleWebKit/537.36 (KHTML, like Gecko) Chrome/66.0.3359.170 Safari/537.36"
::1 - - [16/May/2018:00:05:09 +0000] "GET /favicon.ico HTTP/1.1" 404 150 "http://localhost:8080/profile/389" "Mozilla/5.0 (Windows NT 10.0; Win64; x64) AppleWebKit/537.36 (KHTML, like Gecko) Chrome/66.0.3359.170 Safari/537.36"
::1 - - [16/May/2018:00:05:16 +0000] "GET /search HTTP/1.1" 404 145 "http://localhost:8080/profile/389" "Mozilla/5.0 (Windows NT 10.0; Win64; x64) AppleWebKit/537.36 (KHTML, like Gecko) Chrome/66.0.3359.170 Safari/537.36"
::1 - - [16/May/2018:00:05:38 +0000] "GET /profile/389 HTTP/1.1" 200 2484 "http://localhost:8080/register" "Mozilla/5.0 (Windows NT 10.0; Win64; x64) AppleWebKit/537.36 (KHTML, like Gecko) Chrome/66.0.3359.170 Safari/537.36"
::1 - - [16/May/2018:00:05:38 +0000] "GET /assets/img/121.jpg HTTP/1.1" 304 - "http://localhost:8080/profile/389" "Mozilla/5.0 (Windows NT 10.0; Win64; x64) AppleWebKit/537.36 (KHTML, like Gecko) Chrome/66.0.3359.170 Safari/537.36"
::1 - - [16/May/2018:00:05:38 +0000] "GET /js/profile.js HTTP/1.1" 304 - "http://localhost:8080/profile/389" "Mozilla/5.0 (Windows NT 10.0; Win64; x64) AppleWebKit/537.36 (KHTML, like Gecko) Chrome/66.0.3359.170 Safari/537.36"
::1 - - [16/May/2018:00:05:39 +0000] "GET /groups HTTP/1.1" 304 - "http://localhost:8080/profile/389" "Mozilla/5.0 (Windows NT 10.0; Win64; x64) AppleWebKit/537.36 (KHTML, like Gecko) Chrome/66.0.3359.170 Safari/537.36"
::1 - - [16/May/2018:00:05:39 +0000] "GET /js/groups.js HTTP/1.1" 304 - "http://localhost:8080/groups" "Mozilla/5.0 (Windows NT 10.0; Win64; x64) AppleWebKit/537.36 (KHTML, like Gecko) Chrome/66.0.3359.170 Safari/537.36"
::1 - - [16/May/2018:00:06:37 +0000] "GET /profile/389 HTTP/1.1" 200 2499 "http://localhost:8080/register" "Mozilla/5.0 (Windows NT 10.0; Win64; x64) AppleWebKit/537.36 (KHTML, like Gecko) Chrome/66.0.3359.170 Safari/537.36"
::1 - - [16/May/2018:00:06:37 +0000] "GET /assets/img/121.jpg HTTP/1.1" 304 - "http://localhost:8080/profile/389" "Mozilla/5.0 (Windows NT 10.0; Win64; x64) AppleWebKit/537.36 (KHTML, like Gecko) Chrome/66.0.3359.170 Safari/537.36"
::1 - - [16/May/2018:00:06:37 +0000] "GET /js/profile.js HTTP/1.1" 304 - "http://localhost:8080/profile/389" "Mozilla/5.0 (Windows NT 10.0; Win64; x64) AppleWebKit/537.36 (KHTML, like Gecko) Chrome/66.0.3359.170 Safari/537.36"
::1 - - [16/May/2018:00:06:38 +0000] "GET /newgroup HTTP/1.1" 200 3017 "http://localhost:8080/profile/389" "Mozilla/5.0 (Windows NT 10.0; Win64; x64) AppleWebKit/537.36 (KHTML, like Gecko) Chrome/66.0.3359.170 Safari/537.36"
::1 - - [16/May/2018:00:06:38 +0000] "GET /js/newgroup.js HTTP/1.1" 304 - "http://localhost:8080/newgroup" "Mozilla/5.0 (Windows NT 10.0; Win64; x64) AppleWebKit/537.36 (KHTML, like Gecko) Chrome/66.0.3359.170 Safari/537.36"
::1 - - [16/May/2018:00:10:47 +0000] "GET /profile/389 HTTP/1.1" 200 2307 "http://localhost:8080/register" "Mozilla/5.0 (Windows NT 10.0; Win64; x64) AppleWebKit/537.36 (KHTML, like Gecko) Chrome/66.0.3359.170 Safari/537.36"
::1 - - [16/May/2018:00:10:47 +0000] "GET /assets/img/121.jpg HTTP/1.1" 304 - "http://localhost:8080/profile/389" "Mozilla/5.0 (Windows NT 10.0; Win64; x64) AppleWebKit/537.36 (KHTML, like Gecko) Chrome/66.0.3359.170 Safari/537.36"
::1 - - [16/May/2018:00:10:47 +0000] "GET /js/profile.js HTTP/1.1" 304 - "http://localhost:8080/profile/389" "Mozilla/5.0 (Windows NT 10.0; Win64; x64) AppleWebKit/537.36 (KHTML, like Gecko) Chrome/66.0.3359.170 Safari/537.36"
::1 - - [16/May/2018:00:15:57 +0000] "GET /profile/389 HTTP/1.1" 200 2213 "-" "Mozilla/5.0 (Windows NT 10.0; Win64; x64) AppleWebKit/537.36 (KHTML, like Gecko) Chrome/66.0.3359.170 Safari/537.36"
::1 - - [16/May/2018:00:15:57 +0000] "GET /assets/img/121.jpg HTTP/1.1" 304 - "http://localhost:8080/profile/389" "Mozilla/5.0 (Windows NT 10.0; Win64; x64) AppleWebKit/537.36 (KHTML, like Gecko) Chrome/66.0.3359.170 Safari/537.36"
::1 - - [16/May/2018:00:15:57 +0000] "GET /js/profile.js HTTP/1.1" 200 6946 "http://localhost:8080/profile/389" "Mozilla/5.0 (Windows NT 10.0; Win64; x64) AppleWebKit/537.36 (KHTML, like Gecko) Chrome/66.0.3359.170 Safari/537.36"
::1 - - [16/May/2018:00:15:58 +0000] "GET /profile/389 HTTP/1.1" 304 - "-" "Mozilla/5.0 (Windows NT 10.0; Win64; x64) AppleWebKit/537.36 (KHTML, like Gecko) Chrome/66.0.3359.170 Safari/537.36"
::1 - - [16/May/2018:00:15:58 +0000] "GET /assets/img/121.jpg HTTP/1.1" 304 - "http://localhost:8080/profile/389" "Mozilla/5.0 (Windows NT 10.0; Win64; x64) AppleWebKit/537.36 (KHTML, like Gecko) Chrome/66.0.3359.170 Safari/537.36"
::1 - - [16/May/2018:00:15:58 +0000] "GET /js/profile.js HTTP/1.1" 304 - "http://localhost:8080/profile/389" "Mozilla/5.0 (Windows NT 10.0; Win64; x64) AppleWebKit/537.36 (KHTML, like Gecko) Chrome/66.0.3359.170 Safari/537.36"
::1 - - [16/May/2018:00:16:19 +0000] "GET /profile/389 HTTP/1.1" 304 - "-" "Mozilla/5.0 (Windows NT 10.0; Win64; x64) AppleWebKit/537.36 (KHTML, like Gecko) Chrome/66.0.3359.170 Safari/537.36"
::1 - - [16/May/2018:00:16:19 +0000] "GET /assets/img/121.jpg HTTP/1.1" 304 - "http://localhost:8080/profile/389" "Mozilla/5.0 (Windows NT 10.0; Win64; x64) AppleWebKit/537.36 (KHTML, like Gecko) Chrome/66.0.3359.170 Safari/537.36"
::1 - - [16/May/2018:00:16:19 +0000] "GET /js/profile.js HTTP/1.1" 304 - "http://localhost:8080/profile/389" "Mozilla/5.0 (Windows NT 10.0; Win64; x64) AppleWebKit/537.36 (KHTML, like Gecko) Chrome/66.0.3359.170 Safari/537.36"
::1 - - [16/May/2018:00:16:27 +0000] "GET /profile/389 HTTP/1.1" 304 - "-" "Mozilla/5.0 (Windows NT 10.0; Win64; x64) AppleWebKit/537.36 (KHTML, like Gecko) Chrome/66.0.3359.170 Safari/537.36"
::1 - - [16/May/2018:00:16:27 +0000] "GET /assets/img/121.jpg HTTP/1.1" 304 - "http://localhost:8080/profile/389" "Mozilla/5.0 (Windows NT 10.0; Win64; x64) AppleWebKit/537.36 (KHTML, like Gecko) Chrome/66.0.3359.170 Safari/537.36"
::1 - - [16/May/2018:00:16:27 +0000] "GET /js/profile.js HTTP/1.1" 304 - "http://localhost:8080/profile/389" "Mozilla/5.0 (Windows NT 10.0; Win64; x64) AppleWebKit/537.36 (KHTML, like Gecko) Chrome/66.0.3359.170 Safari/537.36"
::1 - - [16/May/2018:00:19:24 +0000] "GET /profile/389 HTTP/1.1" 200 2216 "-" "Mozilla/5.0 (Windows NT 10.0; Win64; x64) AppleWebKit/537.36 (KHTML, like Gecko) Chrome/66.0.3359.170 Safari/537.36"
::1 - - [16/May/2018:00:19:24 +0000] "GET /assets/img/121.jpg HTTP/1.1" 304 - "http://localhost:8080/profile/389" "Mozilla/5.0 (Windows NT 10.0; Win64; x64) AppleWebKit/537.36 (KHTML, like Gecko) Chrome/66.0.3359.170 Safari/537.36"
::1 - - [16/May/2018:00:19:24 +0000] "GET /js/profile.js HTTP/1.1" 304 - "http://localhost:8080/profile/389" "Mozilla/5.0 (Windows NT 10.0; Win64; x64) AppleWebKit/537.36 (KHTML, like Gecko) Chrome/66.0.3359.170 Safari/537.36"
::1 - - [16/May/2018:00:19:40 +0000] "GET /profile/389 HTTP/1.1" 304 - "-" "Mozilla/5.0 (Windows NT 10.0; Win64; x64) AppleWebKit/537.36 (KHTML, like Gecko) Chrome/66.0.3359.170 Safari/537.36"
::1 - - [16/May/2018:00:19:40 +0000] "GET /assets/img/121.jpg HTTP/1.1" 304 - "http://localhost:8080/profile/389" "Mozilla/5.0 (Windows NT 10.0; Win64; x64) AppleWebKit/537.36 (KHTML, like Gecko) Chrome/66.0.3359.170 Safari/537.36"
::1 - - [16/May/2018:00:19:40 +0000] "GET /js/profile.js HTTP/1.1" 200 6946 "http://localhost:8080/profile/389" "Mozilla/5.0 (Windows NT 10.0; Win64; x64) AppleWebKit/537.36 (KHTML, like Gecko) Chrome/66.0.3359.170 Safari/537.36"
::1 - - [16/May/2018:00:19:45 +0000] "GET /profile/389 HTTP/1.1" 304 - "-" "Mozilla/5.0 (Windows NT 10.0; Win64; x64) AppleWebKit/537.36 (KHTML, like Gecko) Chrome/66.0.3359.170 Safari/537.36"
::1 - - [16/May/2018:00:19:45 +0000] "GET /assets/img/121.jpg HTTP/1.1" 304 - "http://localhost:8080/profile/389" "Mozilla/5.0 (Windows NT 10.0; Win64; x64) AppleWebKit/537.36 (KHTML, like Gecko) Chrome/66.0.3359.170 Safari/537.36"
::1 - - [16/May/2018:00:19:45 +0000] "GET /js/profile.js HTTP/1.1" 304 - "http://localhost:8080/profile/389" "Mozilla/5.0 (Windows NT 10.0; Win64; x64) AppleWebKit/537.36 (KHTML, like Gecko) Chrome/66.0.3359.170 Safari/537.36"
::1 - - [16/May/2018:00:21:38 +0000] "GET /profile/389 HTTP/1.1" 304 - "-" "Mozilla/5.0 (Windows NT 10.0; Win64; x64) AppleWebKit/537.36 (KHTML, like Gecko) Chrome/66.0.3359.170 Safari/537.36"
::1 - - [16/May/2018:00:21:38 +0000] "GET /assets/img/121.jpg HTTP/1.1" 304 - "http://localhost:8080/profile/389" "Mozilla/5.0 (Windows NT 10.0; Win64; x64) AppleWebKit/537.36 (KHTML, like Gecko) Chrome/66.0.3359.170 Safari/537.36"
::1 - - [16/May/2018:00:21:38 +0000] "GET /js/profile.js HTTP/1.1" 200 6987 "http://localhost:8080/profile/389" "Mozilla/5.0 (Windows NT 10.0; Win64; x64) AppleWebKit/537.36 (KHTML, like Gecko) Chrome/66.0.3359.170 Safari/537.36"
::1 - - [16/May/2018:00:22:13 +0000] "GET /profile/389 HTTP/1.1" 304 - "-" "Mozilla/5.0 (Windows NT 10.0; Win64; x64) AppleWebKit/537.36 (KHTML, like Gecko) Chrome/66.0.3359.170 Safari/537.36"
::1 - - [16/May/2018:00:22:14 +0000] "GET /assets/img/121.jpg HTTP/1.1" 304 - "http://localhost:8080/profile/389" "Mozilla/5.0 (Windows NT 10.0; Win64; x64) AppleWebKit/537.36 (KHTML, like Gecko) Chrome/66.0.3359.170 Safari/537.36"
::1 - - [16/May/2018:00:22:14 +0000] "GET /js/profile.js HTTP/1.1" 200 7024 "http://localhost:8080/profile/389" "Mozilla/5.0 (Windows NT 10.0; Win64; x64) AppleWebKit/537.36 (KHTML, like Gecko) Chrome/66.0.3359.170 Safari/537.36"
::1 - - [16/May/2018:00:23:54 +0000] "GET /profile/389 HTTP/1.1" 200 2512 "-" "Mozilla/5.0 (Windows NT 10.0; Win64; x64) AppleWebKit/537.36 (KHTML, like Gecko) Chrome/66.0.3359.170 Safari/537.36"
::1 - - [16/May/2018:00:23:54 +0000] "GET /assets/img/121.jpg HTTP/1.1" 304 - "http://localhost:8080/profile/389" "Mozilla/5.0 (Windows NT 10.0; Win64; x64) AppleWebKit/537.36 (KHTML, like Gecko) Chrome/66.0.3359.170 Safari/537.36"
::1 - - [16/May/2018:00:23:54 +0000] "GET /js/profile.js HTTP/1.1" 304 - "http://localhost:8080/profile/389" "Mozilla/5.0 (Windows NT 10.0; Win64; x64) AppleWebKit/537.36 (KHTML, like Gecko) Chrome/66.0.3359.170 Safari/537.36"
::1 - - [16/May/2018:00:36:37 +0000] "GET /newgroup HTTP/1.1" 200 2975 "-" "Mozilla/5.0 (Windows NT 10.0; Win64; x64) AppleWebKit/537.36 (KHTML, like Gecko) Chrome/66.0.3359.170 Safari/537.36"
::1 - - [16/May/2018:00:36:37 +0000] "GET /js/newgroup.js HTTP/1.1" 200 6696 "http://localhost:8080/newgroup" "Mozilla/5.0 (Windows NT 10.0; Win64; x64) AppleWebKit/537.36 (KHTML, like Gecko) Chrome/66.0.3359.170 Safari/537.36"
::1 - - [16/May/2018:00:37:04 +0000] "POST /newGroup HTTP/1.1" 500 1481 "http://localhost:8080/newgroup" "Mozilla/5.0 (Windows NT 10.0; Win64; x64) AppleWebKit/537.36 (KHTML, like Gecko) Chrome/66.0.3359.170 Safari/537.36"
::1 - - [16/May/2018:00:38:30 +0000] "GET /newGroup HTTP/1.1" 200 2975 "-" "Mozilla/5.0 (Windows NT 10.0; Win64; x64) AppleWebKit/537.36 (KHTML, like Gecko) Chrome/66.0.3359.170 Safari/537.36"
::1 - - [16/May/2018:00:38:30 +0000] "GET /js/newgroup.js HTTP/1.1" 304 - "http://localhost:8080/newGroup" "Mozilla/5.0 (Windows NT 10.0; Win64; x64) AppleWebKit/537.36 (KHTML, like Gecko) Chrome/66.0.3359.170 Safari/537.36"
::1 - - [16/May/2018:00:38:42 +0000] "POST /newGroup HTTP/1.1" 302 46 "http://localhost:8080/newGroup" "Mozilla/5.0 (Windows NT 10.0; Win64; x64) AppleWebKit/537.36 (KHTML, like Gecko) Chrome/66.0.3359.170 Safari/537.36"
::1 - - [16/May/2018:00:38:43 +0000] "GET / HTTP/1.1" 200 3360 "http://localhost:8080/newGroup" "Mozilla/5.0 (Windows NT 10.0; Win64; x64) AppleWebKit/537.36 (KHTML, like Gecko) Chrome/66.0.3359.170 Safari/537.36"
::1 - - [16/May/2018:00:38:43 +0000] "GET /js/home.js HTTP/1.1" 200 6699 "http://localhost:8080/" "Mozilla/5.0 (Windows NT 10.0; Win64; x64) AppleWebKit/537.36 (KHTML, like Gecko) Chrome/66.0.3359.170 Safari/537.36"
::1 - - [16/May/2018:00:46:45 +0000] "GET /newGroup HTTP/1.1" 200 2975 "-" "Mozilla/5.0 (Windows NT 10.0; Win64; x64) AppleWebKit/537.36 (KHTML, like Gecko) Chrome/66.0.3359.170 Safari/537.36"
::1 - - [16/May/2018:00:46:45 +0000] "GET /js/newgroup.js HTTP/1.1" 304 - "http://localhost:8080/newGroup" "Mozilla/5.0 (Windows NT 10.0; Win64; x64) AppleWebKit/537.36 (KHTML, like Gecko) Chrome/66.0.3359.170 Safari/537.36"
::1 - - [16/May/2018:00:47:01 +0000] "POST /newGroup HTTP/1.1" 302 46 "http://localhost:8080/newGroup" "Mozilla/5.0 (Windows NT 10.0; Win64; x64) AppleWebKit/537.36 (KHTML, like Gecko) Chrome/66.0.3359.170 Safari/537.36"
::1 - - [16/May/2018:00:47:01 +0000] "GET / HTTP/1.1" 304 - "http://localhost:8080/newGroup" "Mozilla/5.0 (Windows NT 10.0; Win64; x64) AppleWebKit/537.36 (KHTML, like Gecko) Chrome/66.0.3359.170 Safari/537.36"
::1 - - [16/May/2018:00:47:01 +0000] "GET /js/home.js HTTP/1.1" 304 - "http://localhost:8080/" "Mozilla/5.0 (Windows NT 10.0; Win64; x64) AppleWebKit/537.36 (KHTML, like Gecko) Chrome/66.0.3359.170 Safari/537.36"
::1 - - [16/May/2018:00:56:23 +0000] "GET /newGroup HTTP/1.1" 200 2975 "-" "Mozilla/5.0 (Windows NT 10.0; Win64; x64) AppleWebKit/537.36 (KHTML, like Gecko) Chrome/66.0.3359.170 Safari/537.36"
::1 - - [16/May/2018:00:56:23 +0000] "GET /js/newgroup.js HTTP/1.1" 304 - "http://localhost:8080/newGroup" "Mozilla/5.0 (Windows NT 10.0; Win64; x64) AppleWebKit/537.36 (KHTML, like Gecko) Chrome/66.0.3359.170 Safari/537.36"
::1 - - [16/May/2018:00:56:37 +0000] "POST /newGroup HTTP/1.1" 302 46 "http://localhost:8080/newGroup" "Mozilla/5.0 (Windows NT 10.0; Win64; x64) AppleWebKit/537.36 (KHTML, like Gecko) Chrome/66.0.3359.170 Safari/537.36"
::1 - - [16/May/2018:00:56:37 +0000] "GET / HTTP/1.1" 304 - "http://localhost:8080/newGroup" "Mozilla/5.0 (Windows NT 10.0; Win64; x64) AppleWebKit/537.36 (KHTML, like Gecko) Chrome/66.0.3359.170 Safari/537.36"
::1 - - [16/May/2018:00:56:37 +0000] "GET /js/home.js HTTP/1.1" 304 - "http://localhost:8080/" "Mozilla/5.0 (Windows NT 10.0; Win64; x64) AppleWebKit/537.36 (KHTML, like Gecko) Chrome/66.0.3359.170 Safari/537.36"
::1 - - [16/May/2018:01:07:15 +0000] "GET /newGroup HTTP/1.1" 200 2975 "-" "Mozilla/5.0 (Windows NT 10.0; Win64; x64) AppleWebKit/537.36 (KHTML, like Gecko) Chrome/66.0.3359.170 Safari/537.36"
::1 - - [16/May/2018:01:07:15 +0000] "GET /js/newgroup.js HTTP/1.1" 304 - "http://localhost:8080/newGroup" "Mozilla/5.0 (Windows NT 10.0; Win64; x64) AppleWebKit/537.36 (KHTML, like Gecko) Chrome/66.0.3359.170 Safari/537.36"
::1 - - [16/May/2018:01:07:33 +0000] "POST /newGroup HTTP/1.1" 302 46 "http://localhost:8080/newGroup" "Mozilla/5.0 (Windows NT 10.0; Win64; x64) AppleWebKit/537.36 (KHTML, like Gecko) Chrome/66.0.3359.170 Safari/537.36"
::1 - - [16/May/2018:01:07:33 +0000] "GET / HTTP/1.1" 304 - "http://localhost:8080/newGroup" "Mozilla/5.0 (Windows NT 10.0; Win64; x64) AppleWebKit/537.36 (KHTML, like Gecko) Chrome/66.0.3359.170 Safari/537.36"
::1 - - [16/May/2018:01:07:33 +0000] "GET /js/home.js HTTP/1.1" 304 - "http://localhost:8080/" "Mozilla/5.0 (Windows NT 10.0; Win64; x64) AppleWebKit/537.36 (KHTML, like Gecko) Chrome/66.0.3359.170 Safari/537.36"
::1 - - [16/May/2018:18:04:41 +0000] "GET /chat HTTP/1.1" 200 2226 "-" "Mozilla/5.0 (Windows NT 10.0; Win64; x64) AppleWebKit/537.36 (KHTML, like Gecko) Chrome/66.0.3359.181 Safari/537.36"
::1 - - [16/May/2018:18:04:41 +0000] "GET /js/chat.js HTTP/1.1" 200 8868 "http://localhost:8080/chat" "Mozilla/5.0 (Windows NT 10.0; Win64; x64) AppleWebKit/537.36 (KHTML, like Gecko) Chrome/66.0.3359.181 Safari/537.36"
::1 - - [16/May/2018:18:04:43 +0000] "GET /newGroup HTTP/1.1" 200 2975 "-" "Mozilla/5.0 (Windows NT 10.0; Win64; x64) AppleWebKit/537.36 (KHTML, like Gecko) Chrome/66.0.3359.181 Safari/537.36"
::1 - - [16/May/2018:18:04:44 +0000] "GET /js/newgroup.js HTTP/1.1" 304 - "http://localhost:8080/newGroup" "Mozilla/5.0 (Windows NT 10.0; Win64; x64) AppleWebKit/537.36 (KHTML, like Gecko) Chrome/66.0.3359.181 Safari/537.36"
::1 - - [16/May/2018:18:04:46 +0000] "GET /favicon.ico HTTP/1.1" 404 150 "http://localhost:8080/newGroup" "Mozilla/5.0 (Windows NT 10.0; Win64; x64) AppleWebKit/537.36 (KHTML, like Gecko) Chrome/66.0.3359.181 Safari/537.36"
::1 - - [16/May/2018:18:05:10 +0000] "POST /newGroup HTTP/1.1" 302 46 "http://localhost:8080/newGroup" "Mozilla/5.0 (Windows NT 10.0; Win64; x64) AppleWebKit/537.36 (KHTML, like Gecko) Chrome/66.0.3359.181 Safari/537.36"
::1 - - [16/May/2018:18:05:10 +0000] "GET / HTTP/1.1" 304 - "http://localhost:8080/newGroup" "Mozilla/5.0 (Windows NT 10.0; Win64; x64) AppleWebKit/537.36 (KHTML, like Gecko) Chrome/66.0.3359.181 Safari/537.36"
::1 - - [16/May/2018:18:05:10 +0000] "GET /js/home.js HTTP/1.1" 304 - "http://localhost:8080/" "Mozilla/5.0 (Windows NT 10.0; Win64; x64) AppleWebKit/537.36 (KHTML, like Gecko) Chrome/66.0.3359.181 Safari/537.36"
::1 - - [16/May/2018:18:05:57 +0000] "GET /newGroup HTTP/1.1" 200 2975 "-" "Mozilla/5.0 (Windows NT 10.0; Win64; x64) AppleWebKit/537.36 (KHTML, like Gecko) Chrome/66.0.3359.181 Safari/537.36"
::1 - - [16/May/2018:18:05:57 +0000] "GET /js/newgroup.js HTTP/1.1" 304 - "http://localhost:8080/newGroup" "Mozilla/5.0 (Windows NT 10.0; Win64; x64) AppleWebKit/537.36 (KHTML, like Gecko) Chrome/66.0.3359.181 Safari/537.36"
::1 - - [16/May/2018:18:05:58 +0000] "GET /js/newgroup.js HTTP/1.1" 304 - "http://localhost:8080/newGroup" "Mozilla/5.0 (Windows NT 10.0; Win64; x64) AppleWebKit/537.36 (KHTML, like Gecko) Chrome/66.0.3359.181 Safari/537.36"
::1 - - [16/May/2018:18:06:10 +0000] "POST /newGroup HTTP/1.1" 302 46 "http://localhost:8080/newGroup" "Mozilla/5.0 (Windows NT 10.0; Win64; x64) AppleWebKit/537.36 (KHTML, like Gecko) Chrome/66.0.3359.181 Safari/537.36"
::1 - - [16/May/2018:18:06:10 +0000] "GET / HTTP/1.1" 304 - "http://localhost:8080/newGroup" "Mozilla/5.0 (Windows NT 10.0; Win64; x64) AppleWebKit/537.36 (KHTML, like Gecko) Chrome/66.0.3359.181 Safari/537.36"
::1 - - [16/May/2018:18:06:10 +0000] "GET /js/home.js HTTP/1.1" 304 - "http://localhost:8080/" "Mozilla/5.0 (Windows NT 10.0; Win64; x64) AppleWebKit/537.36 (KHTML, like Gecko) Chrome/66.0.3359.181 Safari/537.36"
::1 - - [16/May/2018:18:10:42 +0000] "GET /newGroup HTTP/1.1" 200 2975 "-" "Mozilla/5.0 (Windows NT 10.0; Win64; x64) AppleWebKit/537.36 (KHTML, like Gecko) Chrome/66.0.3359.181 Safari/537.36"
::1 - - [16/May/2018:18:10:42 +0000] "GET /js/newgroup.js HTTP/1.1" 304 - "http://localhost:8080/newGroup" "Mozilla/5.0 (Windows NT 10.0; Win64; x64) AppleWebKit/537.36 (KHTML, like Gecko) Chrome/66.0.3359.181 Safari/537.36"
::1 - - [16/May/2018:18:10:42 +0000] "GET /js/newgroup.js HTTP/1.1" 304 - "http://localhost:8080/newGroup" "Mozilla/5.0 (Windows NT 10.0; Win64; x64) AppleWebKit/537.36 (KHTML, like Gecko) Chrome/66.0.3359.181 Safari/537.36"
::1 - - [16/May/2018:18:10:51 +0000] "POST /newGroup HTTP/1.1" 302 46 "http://localhost:8080/newGroup" "Mozilla/5.0 (Windows NT 10.0; Win64; x64) AppleWebKit/537.36 (KHTML, like Gecko) Chrome/66.0.3359.181 Safari/537.36"
::1 - - [16/May/2018:18:10:51 +0000] "GET / HTTP/1.1" 304 - "http://localhost:8080/newGroup" "Mozilla/5.0 (Windows NT 10.0; Win64; x64) AppleWebKit/537.36 (KHTML, like Gecko) Chrome/66.0.3359.181 Safari/537.36"
::1 - - [16/May/2018:18:10:51 +0000] "GET /js/home.js HTTP/1.1" 304 - "http://localhost:8080/" "Mozilla/5.0 (Windows NT 10.0; Win64; x64) AppleWebKit/537.36 (KHTML, like Gecko) Chrome/66.0.3359.181 Safari/537.36"
::1 - - [16/May/2018:18:13:50 +0000] "GET /newGroup HTTP/1.1" 200 2975 "-" "Mozilla/5.0 (Windows NT 10.0; Win64; x64) AppleWebKit/537.36 (KHTML, like Gecko) Chrome/66.0.3359.181 Safari/537.36"
::1 - - [16/May/2018:18:13:51 +0000] "GET /js/newgroup.js HTTP/1.1" 304 - "http://localhost:8080/newGroup" "Mozilla/5.0 (Windows NT 10.0; Win64; x64) AppleWebKit/537.36 (KHTML, like Gecko) Chrome/66.0.3359.181 Safari/537.36"
::1 - - [16/May/2018:18:14:04 +0000] "POST /newGroup HTTP/1.1" 302 46 "http://localhost:8080/newGroup" "Mozilla/5.0 (Windows NT 10.0; Win64; x64) AppleWebKit/537.36 (KHTML, like Gecko) Chrome/66.0.3359.181 Safari/537.36"
::1 - - [16/May/2018:18:14:04 +0000] "GET / HTTP/1.1" 304 - "http://localhost:8080/newGroup" "Mozilla/5.0 (Windows NT 10.0; Win64; x64) AppleWebKit/537.36 (KHTML, like Gecko) Chrome/66.0.3359.181 Safari/537.36"
::1 - - [16/May/2018:18:14:04 +0000] "GET /js/home.js HTTP/1.1" 304 - "http://localhost:8080/" "Mozilla/5.0 (Windows NT 10.0; Win64; x64) AppleWebKit/537.36 (KHTML, like Gecko) Chrome/66.0.3359.181 Safari/537.36"
::1 - - [16/May/2018:18:18:17 +0000] "GET /newGroup HTTP/1.1" 200 3006 "-" "Mozilla/5.0 (Windows NT 10.0; Win64; x64) AppleWebKit/537.36 (KHTML, like Gecko) Chrome/66.0.3359.181 Safari/537.36"
::1 - - [16/May/2018:18:18:17 +0000] "GET /js/newgroup.js HTTP/1.1" 304 - "http://localhost:8080/newGroup" "Mozilla/5.0 (Windows NT 10.0; Win64; x64) AppleWebKit/537.36 (KHTML, like Gecko) Chrome/66.0.3359.181 Safari/537.36"
::1 - - [16/May/2018:18:18:28 +0000] "POST /newGroup HTTP/1.1" 302 46 "http://localhost:8080/newGroup" "Mozilla/5.0 (Windows NT 10.0; Win64; x64) AppleWebKit/537.36 (KHTML, like Gecko) Chrome/66.0.3359.181 Safari/537.36"
::1 - - [16/May/2018:18:18:28 +0000] "GET / HTTP/1.1" 304 - "http://localhost:8080/newGroup" "Mozilla/5.0 (Windows NT 10.0; Win64; x64) AppleWebKit/537.36 (KHTML, like Gecko) Chrome/66.0.3359.181 Safari/537.36"
::1 - - [16/May/2018:18:18:29 +0000] "GET /js/home.js HTTP/1.1" 304 - "http://localhost:8080/" "Mozilla/5.0 (Windows NT 10.0; Win64; x64) AppleWebKit/537.36 (KHTML, like Gecko) Chrome/66.0.3359.181 Safari/537.36"
::1 - - [16/May/2018:18:20:23 +0000] "GET /newGroup HTTP/1.1" 200 3006 "-" "Mozilla/5.0 (Windows NT 10.0; Win64; x64) AppleWebKit/537.36 (KHTML, like Gecko) Chrome/66.0.3359.181 Safari/537.36"
::1 - - [16/May/2018:18:20:24 +0000] "GET /js/newgroup.js HTTP/1.1" 304 - "http://localhost:8080/newGroup" "Mozilla/5.0 (Windows NT 10.0; Win64; x64) AppleWebKit/537.36 (KHTML, like Gecko) Chrome/66.0.3359.181 Safari/537.36"
::1 - - [16/May/2018:18:20:37 +0000] "POST /newGroup HTTP/1.1" 302 46 "http://localhost:8080/newGroup" "Mozilla/5.0 (Windows NT 10.0; Win64; x64) AppleWebKit/537.36 (KHTML, like Gecko) Chrome/66.0.3359.181 Safari/537.36"
::1 - - [16/May/2018:18:20:37 +0000] "GET / HTTP/1.1" 304 - "http://localhost:8080/newGroup" "Mozilla/5.0 (Windows NT 10.0; Win64; x64) AppleWebKit/537.36 (KHTML, like Gecko) Chrome/66.0.3359.181 Safari/537.36"
::1 - - [16/May/2018:18:20:37 +0000] "GET /js/home.js HTTP/1.1" 304 - "http://localhost:8080/" "Mozilla/5.0 (Windows NT 10.0; Win64; x64) AppleWebKit/537.36 (KHTML, like Gecko) Chrome/66.0.3359.181 Safari/537.36"
::1 - - [16/May/2018:19:12:40 +0000] "GET /newGroup HTTP/1.1" 200 3006 "-" "Mozilla/5.0 (Windows NT 10.0; Win64; x64) AppleWebKit/537.36 (KHTML, like Gecko) Chrome/66.0.3359.181 Safari/537.36"
::1 - - [16/May/2018:19:12:40 +0000] "GET /js/newgroup.js HTTP/1.1" 304 - "http://localhost:8080/newGroup" "Mozilla/5.0 (Windows NT 10.0; Win64; x64) AppleWebKit/537.36 (KHTML, like Gecko) Chrome/66.0.3359.181 Safari/537.36"
::1 - - [16/May/2018:19:12:40 +0000] "GET /js/newgroup.js HTTP/1.1" 304 - "http://localhost:8080/newGroup" "Mozilla/5.0 (Windows NT 10.0; Win64; x64) AppleWebKit/537.36 (KHTML, like Gecko) Chrome/66.0.3359.181 Safari/537.36"
::1 - - [16/May/2018:19:12:54 +0000] "POST /newGroup HTTP/1.1" 302 46 "http://localhost:8080/newGroup" "Mozilla/5.0 (Windows NT 10.0; Win64; x64) AppleWebKit/537.36 (KHTML, like Gecko) Chrome/66.0.3359.181 Safari/537.36"
::1 - - [16/May/2018:19:12:55 +0000] "GET / HTTP/1.1" 304 - "http://localhost:8080/newGroup" "Mozilla/5.0 (Windows NT 10.0; Win64; x64) AppleWebKit/537.36 (KHTML, like Gecko) Chrome/66.0.3359.181 Safari/537.36"
::1 - - [16/May/2018:19:12:55 +0000] "GET /js/home.js HTTP/1.1" 304 - "http://localhost:8080/" "Mozilla/5.0 (Windows NT 10.0; Win64; x64) AppleWebKit/537.36 (KHTML, like Gecko) Chrome/66.0.3359.181 Safari/537.36"
::1 - - [16/May/2018:20:49:10 +0000] "GET /register HTTP/1.1" 200 3328 "http://localhost:8080/" "Mozilla/5.0 (Windows NT 10.0; Win64; x64) AppleWebKit/537.36 (KHTML, like Gecko) Chrome/66.0.3359.181 Safari/537.36"
::1 - - [16/May/2018:20:49:10 +0000] "GET /register HTTP/1.1" 200 3328 "http://localhost:8080/" "Mozilla/5.0 (Windows NT 10.0; Win64; x64) AppleWebKit/537.36 (KHTML, like Gecko) Chrome/66.0.3359.181 Safari/537.36"
::1 - - [16/May/2018:20:49:13 +0000] "GET /js/register.js HTTP/1.1" 200 7295 "http://localhost:8080/register" "Mozilla/5.0 (Windows NT 10.0; Win64; x64) AppleWebKit/537.36 (KHTML, like Gecko) Chrome/66.0.3359.181 Safari/537.36"
::1 - - [16/May/2018:20:49:49 +0000] "POST /register HTTP/1.1" 200 3467 "http://localhost:8080/register" "Mozilla/5.0 (Windows NT 10.0; Win64; x64) AppleWebKit/537.36 (KHTML, like Gecko) Chrome/66.0.3359.181 Safari/537.36"
::1 - - [16/May/2018:20:49:49 +0000] "GET /js/register.js HTTP/1.1" 304 - "http://localhost:8080/register" "Mozilla/5.0 (Windows NT 10.0; Win64; x64) AppleWebKit/537.36 (KHTML, like Gecko) Chrome/66.0.3359.181 Safari/537.36"
::1 - - [16/May/2018:20:56:28 +0000] "GET /register HTTP/1.1" 200 3328 "-" "Mozilla/5.0 (Windows NT 10.0; Win64; x64) AppleWebKit/537.36 (KHTML, like Gecko) Chrome/66.0.3359.181 Safari/537.36"
::1 - - [16/May/2018:20:56:28 +0000] "GET /js/register.js HTTP/1.1" 304 - "http://localhost:8080/register" "Mozilla/5.0 (Windows NT 10.0; Win64; x64) AppleWebKit/537.36 (KHTML, like Gecko) Chrome/66.0.3359.181 Safari/537.36"
::1 - - [16/May/2018:20:56:51 +0000] "POST /register HTTP/1.1" 302 68 "http://localhost:8080/register" "Mozilla/5.0 (Windows NT 10.0; Win64; x64) AppleWebKit/537.36 (KHTML, like Gecko) Chrome/66.0.3359.181 Safari/537.36"
::1 - - [16/May/2018:20:56:51 +0000] "GET /profile/388 HTTP/1.1" 200 2706 "http://localhost:8080/register" "Mozilla/5.0 (Windows NT 10.0; Win64; x64) AppleWebKit/537.36 (KHTML, like Gecko) Chrome/66.0.3359.181 Safari/537.36"
::1 - - [16/May/2018:20:56:51 +0000] "GET /js/profile.js HTTP/1.1" 200 6705 "http://localhost:8080/profile/388" "Mozilla/5.0 (Windows NT 10.0; Win64; x64) AppleWebKit/537.36 (KHTML, like Gecko) Chrome/66.0.3359.181 Safari/537.36"
::1 - - [16/May/2018:20:56:51 +0000] "GET /assets/img/121.jpg HTTP/1.1" 304 - "http://localhost:8080/profile/388" "Mozilla/5.0 (Windows NT 10.0; Win64; x64) AppleWebKit/537.36 (KHTML, like Gecko) Chrome/66.0.3359.181 Safari/537.36"
::1 - - [16/May/2018:20:56:56 +0000] "GET /groups HTTP/1.1" 200 2386 "http://localhost:8080/profile/388" "Mozilla/5.0 (Windows NT 10.0; Win64; x64) AppleWebKit/537.36 (KHTML, like Gecko) Chrome/66.0.3359.181 Safari/537.36"
::1 - - [16/May/2018:20:56:57 +0000] "GET /js/groups.js HTTP/1.1" 200 6698 "http://localhost:8080/groups" "Mozilla/5.0 (Windows NT 10.0; Win64; x64) AppleWebKit/537.36 (KHTML, like Gecko) Chrome/66.0.3359.181 Safari/537.36"
::1 - - [16/May/2018:20:57:02 +0000] "GET /newGroup HTTP/1.1" 200 2896 "-" "Mozilla/5.0 (Windows NT 10.0; Win64; x64) AppleWebKit/537.36 (KHTML, like Gecko) Chrome/66.0.3359.181 Safari/537.36"
::1 - - [16/May/2018:20:57:02 +0000] "GET /js/newgroup.js HTTP/1.1" 304 - "http://localhost:8080/newGroup" "Mozilla/5.0 (Windows NT 10.0; Win64; x64) AppleWebKit/537.36 (KHTML, like Gecko) Chrome/66.0.3359.181 Safari/537.36"
::1 - - [16/May/2018:21:00:36 +0000] "GET /newGroup HTTP/1.1" 200 1782 "-" "Mozilla/5.0 (Windows NT 10.0; Win64; x64) AppleWebKit/537.36 (KHTML, like Gecko) Chrome/66.0.3359.181 Safari/537.36"
::1 - - [16/May/2018:21:00:36 +0000] "GET /js/.js HTTP/1.1" 404 145 "http://localhost:8080/newGroup" "Mozilla/5.0 (Windows NT 10.0; Win64; x64) AppleWebKit/537.36 (KHTML, like Gecko) Chrome/66.0.3359.181 Safari/537.36"
::1 - - [16/May/2018:21:00:36 +0000] "GET /js/.js HTTP/1.1" 404 145 "http://localhost:8080/newGroup" "Mozilla/5.0 (Windows NT 10.0; Win64; x64) AppleWebKit/537.36 (KHTML, like Gecko) Chrome/66.0.3359.181 Safari/537.36"
::1 - - [16/May/2018:21:01:02 +0000] "GET / HTTP/1.1" 304 - "-" "Mozilla/5.0 (Windows NT 10.0; Win64; x64) AppleWebKit/537.36 (KHTML, like Gecko) Chrome/66.0.3359.181 Safari/537.36"
::1 - - [16/May/2018:21:01:02 +0000] "GET /js/home.js HTTP/1.1" 304 - "http://localhost:8080/" "Mozilla/5.0 (Windows NT 10.0; Win64; x64) AppleWebKit/537.36 (KHTML, like Gecko) Chrome/66.0.3359.181 Safari/537.36"
::1 - - [16/May/2018:21:01:04 +0000] "GET /register HTTP/1.1" 200 3328 "http://localhost:8080/" "Mozilla/5.0 (Windows NT 10.0; Win64; x64) AppleWebKit/537.36 (KHTML, like Gecko) Chrome/66.0.3359.181 Safari/537.36"
::1 - - [16/May/2018:21:01:04 +0000] "GET /js/register.js HTTP/1.1" 304 - "http://localhost:8080/register" "Mozilla/5.0 (Windows NT 10.0; Win64; x64) AppleWebKit/537.36 (KHTML, like Gecko) Chrome/66.0.3359.181 Safari/537.36"
::1 - - [16/May/2018:21:01:23 +0000] "POST /register HTTP/1.1" 302 68 "http://localhost:8080/register" "Mozilla/5.0 (Windows NT 10.0; Win64; x64) AppleWebKit/537.36 (KHTML, like Gecko) Chrome/66.0.3359.181 Safari/537.36"
::1 - - [16/May/2018:21:01:23 +0000] "GET /profile/388 HTTP/1.1" 304 - "http://localhost:8080/register" "Mozilla/5.0 (Windows NT 10.0; Win64; x64) AppleWebKit/537.36 (KHTML, like Gecko) Chrome/66.0.3359.181 Safari/537.36"
::1 - - [16/May/2018:21:01:23 +0000] "GET /js/profile.js HTTP/1.1" 304 - "http://localhost:8080/profile/388" "Mozilla/5.0 (Windows NT 10.0; Win64; x64) AppleWebKit/537.36 (KHTML, like Gecko) Chrome/66.0.3359.181 Safari/537.36"
::1 - - [16/May/2018:21:01:23 +0000] "GET /assets/img/121.jpg HTTP/1.1" 304 - "http://localhost:8080/profile/388" "Mozilla/5.0 (Windows NT 10.0; Win64; x64) AppleWebKit/537.36 (KHTML, like Gecko) Chrome/66.0.3359.181 Safari/537.36"
::1 - - [16/May/2018:21:01:27 +0000] "GET /newGroup HTTP/1.1" 200 2896 "-" "Mozilla/5.0 (Windows NT 10.0; Win64; x64) AppleWebKit/537.36 (KHTML, like Gecko) Chrome/66.0.3359.181 Safari/537.36"
::1 - - [16/May/2018:21:01:28 +0000] "GET /js/newgroup.js HTTP/1.1" 304 - "http://localhost:8080/newGroup" "Mozilla/5.0 (Windows NT 10.0; Win64; x64) AppleWebKit/537.36 (KHTML, like Gecko) Chrome/66.0.3359.181 Safari/537.36"
::1 - - [16/May/2018:21:01:29 +0000] "GET /js/newgroup.js HTTP/1.1" 304 - "http://localhost:8080/newGroup" "Mozilla/5.0 (Windows NT 10.0; Win64; x64) AppleWebKit/537.36 (KHTML, like Gecko) Chrome/66.0.3359.181 Safari/537.36"
::1 - - [16/May/2018:21:01:49 +0000] "POST /newGroup HTTP/1.1" 302 92 "http://localhost:8080/newGroup" "Mozilla/5.0 (Windows NT 10.0; Win64; x64) AppleWebKit/537.36 (KHTML, like Gecko) Chrome/66.0.3359.181 Safari/537.36"
::1 - - [16/May/2018:21:06:45 +0000] "GET /register HTTP/1.1" 200 3328 "-" "Mozilla/5.0 (Windows NT 10.0; Win64; x64) AppleWebKit/537.36 (KHTML, like Gecko) Chrome/66.0.3359.181 Safari/537.36"
::1 - - [16/May/2018:21:06:45 +0000] "GET /js/register.js HTTP/1.1" 304 - "http://localhost:8080/register" "Mozilla/5.0 (Windows NT 10.0; Win64; x64) AppleWebKit/537.36 (KHTML, like Gecko) Chrome/66.0.3359.181 Safari/537.36"
::1 - - [16/May/2018:21:07:49 +0000] "POST /register HTTP/1.1" 302 68 "http://localhost:8080/register" "Mozilla/5.0 (Windows NT 10.0; Win64; x64) AppleWebKit/537.36 (KHTML, like Gecko) Chrome/66.0.3359.181 Safari/537.36"
::1 - - [16/May/2018:21:07:49 +0000] "GET /profile/388 HTTP/1.1" 304 - "http://localhost:8080/register" "Mozilla/5.0 (Windows NT 10.0; Win64; x64) AppleWebKit/537.36 (KHTML, like Gecko) Chrome/66.0.3359.181 Safari/537.36"
::1 - - [16/May/2018:21:07:49 +0000] "GET /js/profile.js HTTP/1.1" 304 - "http://localhost:8080/profile/388" "Mozilla/5.0 (Windows NT 10.0; Win64; x64) AppleWebKit/537.36 (KHTML, like Gecko) Chrome/66.0.3359.181 Safari/537.36"
::1 - - [16/May/2018:21:07:49 +0000] "GET /assets/img/121.jpg HTTP/1.1" 304 - "http://localhost:8080/profile/388" "Mozilla/5.0 (Windows NT 10.0; Win64; x64) AppleWebKit/537.36 (KHTML, like Gecko) Chrome/66.0.3359.181 Safari/537.36"
::1 - - [16/May/2018:21:07:54 +0000] "GET /newGroup HTTP/1.1" 200 2896 "-" "Mozilla/5.0 (Windows NT 10.0; Win64; x64) AppleWebKit/537.36 (KHTML, like Gecko) Chrome/66.0.3359.181 Safari/537.36"
::1 - - [16/May/2018:21:07:55 +0000] "GET /js/newgroup.js HTTP/1.1" 304 - "http://localhost:8080/newGroup" "Mozilla/5.0 (Windows NT 10.0; Win64; x64) AppleWebKit/537.36 (KHTML, like Gecko) Chrome/66.0.3359.181 Safari/537.36"
::1 - - [16/May/2018:21:09:49 +0000] "GET /register HTTP/1.1" 200 3328 "-" "Mozilla/5.0 (Windows NT 10.0; Win64; x64) AppleWebKit/537.36 (KHTML, like Gecko) Chrome/66.0.3359.181 Safari/537.36"
::1 - - [16/May/2018:21:09:49 +0000] "GET /js/register.js HTTP/1.1" 304 - "http://localhost:8080/register" "Mozilla/5.0 (Windows NT 10.0; Win64; x64) AppleWebKit/537.36 (KHTML, like Gecko) Chrome/66.0.3359.181 Safari/537.36"
::1 - - [16/May/2018:21:10:10 +0000] "POST /register HTTP/1.1" 302 68 "http://localhost:8080/register" "Mozilla/5.0 (Windows NT 10.0; Win64; x64) AppleWebKit/537.36 (KHTML, like Gecko) Chrome/66.0.3359.181 Safari/537.36"
::1 - - [16/May/2018:21:10:11 +0000] "GET /profile/388 HTTP/1.1" 304 - "http://localhost:8080/register" "Mozilla/5.0 (Windows NT 10.0; Win64; x64) AppleWebKit/537.36 (KHTML, like Gecko) Chrome/66.0.3359.181 Safari/537.36"
::1 - - [16/May/2018:21:10:11 +0000] "GET /assets/img/121.jpg HTTP/1.1" 304 - "http://localhost:8080/profile/388" "Mozilla/5.0 (Windows NT 10.0; Win64; x64) AppleWebKit/537.36 (KHTML, like Gecko) Chrome/66.0.3359.181 Safari/537.36"
::1 - - [16/May/2018:21:10:11 +0000] "GET /js/profile.js HTTP/1.1" 304 - "http://localhost:8080/profile/388" "Mozilla/5.0 (Windows NT 10.0; Win64; x64) AppleWebKit/537.36 (KHTML, like Gecko) Chrome/66.0.3359.181 Safari/537.36"
::1 - - [16/May/2018:21:10:18 +0000] "GET /newGroup HTTP/1.1" 304 - "-" "Mozilla/5.0 (Windows NT 10.0; Win64; x64) AppleWebKit/537.36 (KHTML, like Gecko) Chrome/66.0.3359.181 Safari/537.36"
::1 - - [16/May/2018:21:10:18 +0000] "GET /js/newgroup.js HTTP/1.1" 304 - "http://localhost:8080/newGroup" "Mozilla/5.0 (Windows NT 10.0; Win64; x64) AppleWebKit/537.36 (KHTML, like Gecko) Chrome/66.0.3359.181 Safari/537.36"
::1 - - [16/May/2018:21:10:36 +0000] "POST /newGroup HTTP/1.1" 302 66 "http://localhost:8080/newGroup" "Mozilla/5.0 (Windows NT 10.0; Win64; x64) AppleWebKit/537.36 (KHTML, like Gecko) Chrome/66.0.3359.181 Safari/537.36"
::1 - - [16/May/2018:21:10:36 +0000] "GET /group/1113 HTTP/1.1" 200 2389 "http://localhost:8080/newGroup" "Mozilla/5.0 (Windows NT 10.0; Win64; x64) AppleWebKit/537.36 (KHTML, like Gecko) Chrome/66.0.3359.181 Safari/537.36"
::1 - - [16/May/2018:21:10:36 +0000] "GET /assets/img/121.jpg HTTP/1.1" 304 - "http://localhost:8080/group/1113" "Mozilla/5.0 (Windows NT 10.0; Win64; x64) AppleWebKit/537.36 (KHTML, like Gecko) Chrome/66.0.3359.181 Safari/537.36"
::1 - - [16/May/2018:21:10:36 +0000] "GET /js/group.js HTTP/1.1" 304 - "http://localhost:8080/group/1113" "Mozilla/5.0 (Windows NT 10.0; Win64; x64) AppleWebKit/537.36 (KHTML, like Gecko) Chrome/66.0.3359.181 Safari/537.36"
::1 - - [16/May/2018:21:28:06 +0000] "GET /register HTTP/1.1" 500 1272 "-" "Mozilla/5.0 (Windows NT 10.0; Win64; x64) AppleWebKit/537.36 (KHTML, like Gecko) Chrome/66.0.3359.181 Safari/537.36"
::1 - - [16/May/2018:21:29:52 +0000] "GET / HTTP/1.1" 500 1272 "-" "Mozilla/5.0 (Windows NT 10.0; Win64; x64) AppleWebKit/537.36 (KHTML, like Gecko) Chrome/66.0.3359.181 Safari/537.36"
::1 - - [16/May/2018:21:32:31 +0000] "GET / HTTP/1.1" 200 1786 "-" "Mozilla/5.0 (Windows NT 10.0; Win64; x64) AppleWebKit/537.36 (KHTML, like Gecko) Chrome/66.0.3359.181 Safari/537.36"
::1 - - [16/May/2018:21:32:32 +0000] "GET /js/home.js HTTP/1.1" 304 - "http://localhost:8080/" "Mozilla/5.0 (Windows NT 10.0; Win64; x64) AppleWebKit/537.36 (KHTML, like Gecko) Chrome/66.0.3359.181 Safari/537.36"
::1 - - [16/May/2018:21:32:55 +0000] "GET / HTTP/1.1" 500 1272 "-" "Mozilla/5.0 (Windows NT 10.0; Win64; x64) AppleWebKit/537.36 (KHTML, like Gecko) Chrome/66.0.3359.181 Safari/537.36"
::1 - - [16/May/2018:21:34:20 +0000] "GET / HTTP/1.1" 200 3360 "-" "Mozilla/5.0 (Windows NT 10.0; Win64; x64) AppleWebKit/537.36 (KHTML, like Gecko) Chrome/66.0.3359.181 Safari/537.36"
::1 - - [16/May/2018:21:34:20 +0000] "GET /js/home.js HTTP/1.1" 304 - "http://localhost:8080/" "Mozilla/5.0 (Windows NT 10.0; Win64; x64) AppleWebKit/537.36 (KHTML, like Gecko) Chrome/66.0.3359.181 Safari/537.36"
::1 - - [16/May/2018:21:34:37 +0000] "GET / HTTP/1.1" 500 1272 "-" "Mozilla/5.0 (Windows NT 10.0; Win64; x64) AppleWebKit/537.36 (KHTML, like Gecko) Chrome/66.0.3359.181 Safari/537.36"
::1 - - [16/May/2018:21:35:10 +0000] "GET / HTTP/1.1" 200 3360 "-" "Mozilla/5.0 (Windows NT 10.0; Win64; x64) AppleWebKit/537.36 (KHTML, like Gecko) Chrome/66.0.3359.181 Safari/537.36"
::1 - - [16/May/2018:21:35:10 +0000] "GET /js/home.js HTTP/1.1" 304 - "http://localhost:8080/" "Mozilla/5.0 (Windows NT 10.0; Win64; x64) AppleWebKit/537.36 (KHTML, like Gecko) Chrome/66.0.3359.181 Safari/537.36"
::1 - - [16/May/2018:21:35:28 +0000] "GET / HTTP/1.1" 304 - "-" "Mozilla/5.0 (Windows NT 10.0; Win64; x64) AppleWebKit/537.36 (KHTML, like Gecko) Chrome/66.0.3359.181 Safari/537.36"
::1 - - [16/May/2018:21:35:28 +0000] "GET /js/home.js HTTP/1.1" 304 - "http://localhost:8080/" "Mozilla/5.0 (Windows NT 10.0; Win64; x64) AppleWebKit/537.36 (KHTML, like Gecko) Chrome/66.0.3359.181 Safari/537.36"
::1 - - [16/May/2018:21:35:53 +0000] "GET / HTTP/1.1" 304 - "-" "Mozilla/5.0 (Windows NT 10.0; Win64; x64) AppleWebKit/537.36 (KHTML, like Gecko) Chrome/66.0.3359.181 Safari/537.36"
::1 - - [16/May/2018:21:35:53 +0000] "GET /js/home.js HTTP/1.1" 304 - "http://localhost:8080/" "Mozilla/5.0 (Windows NT 10.0; Win64; x64) AppleWebKit/537.36 (KHTML, like Gecko) Chrome/66.0.3359.181 Safari/537.36"
::1 - - [16/May/2018:21:35:55 +0000] "GET /register HTTP/1.1" 200 3328 "http://localhost:8080/" "Mozilla/5.0 (Windows NT 10.0; Win64; x64) AppleWebKit/537.36 (KHTML, like Gecko) Chrome/66.0.3359.181 Safari/537.36"
::1 - - [16/May/2018:21:35:55 +0000] "GET /js/register.js HTTP/1.1" 304 - "http://localhost:8080/register" "Mozilla/5.0 (Windows NT 10.0; Win64; x64) AppleWebKit/537.36 (KHTML, like Gecko) Chrome/66.0.3359.181 Safari/537.36"
::1 - - [16/May/2018:21:36:17 +0000] "POST /register HTTP/1.1" 302 68 "http://localhost:8080/register" "Mozilla/5.0 (Windows NT 10.0; Win64; x64) AppleWebKit/537.36 (KHTML, like Gecko) Chrome/66.0.3359.181 Safari/537.36"
::1 - - [16/May/2018:21:36:17 +0000] "GET /profile/388 HTTP/1.1" 200 2720 "http://localhost:8080/register" "Mozilla/5.0 (Windows NT 10.0; Win64; x64) AppleWebKit/537.36 (KHTML, like Gecko) Chrome/66.0.3359.181 Safari/537.36"
::1 - - [16/May/2018:21:36:17 +0000] "GET /js/profile.js HTTP/1.1" 304 - "http://localhost:8080/profile/388" "Mozilla/5.0 (Windows NT 10.0; Win64; x64) AppleWebKit/537.36 (KHTML, like Gecko) Chrome/66.0.3359.181 Safari/537.36"
::1 - - [16/May/2018:21:36:18 +0000] "GET /assets/img/121.jpg HTTP/1.1" 304 - "http://localhost:8080/profile/388" "Mozilla/5.0 (Windows NT 10.0; Win64; x64) AppleWebKit/537.36 (KHTML, like Gecko) Chrome/66.0.3359.181 Safari/537.36"
::1 - - [16/May/2018:21:36:28 +0000] "GET /newGroup HTTP/1.1" 200 2910 "-" "Mozilla/5.0 (Windows NT 10.0; Win64; x64) AppleWebKit/537.36 (KHTML, like Gecko) Chrome/66.0.3359.181 Safari/537.36"
::1 - - [16/May/2018:21:36:28 +0000] "GET /js/newgroup.js HTTP/1.1" 304 - "http://localhost:8080/newGroup" "Mozilla/5.0 (Windows NT 10.0; Win64; x64) AppleWebKit/537.36 (KHTML, like Gecko) Chrome/66.0.3359.181 Safari/537.36"
::1 - - [16/May/2018:21:36:44 +0000] "POST /newGroup HTTP/1.1" 302 66 "http://localhost:8080/newGroup" "Mozilla/5.0 (Windows NT 10.0; Win64; x64) AppleWebKit/537.36 (KHTML, like Gecko) Chrome/66.0.3359.181 Safari/537.36"
::1 - - [16/May/2018:21:36:45 +0000] "GET /group/1113 HTTP/1.1" 200 2354 "http://localhost:8080/newGroup" "Mozilla/5.0 (Windows NT 10.0; Win64; x64) AppleWebKit/537.36 (KHTML, like Gecko) Chrome/66.0.3359.181 Safari/537.36"
::1 - - [16/May/2018:21:36:45 +0000] "GET /js/group.js HTTP/1.1" 304 - "http://localhost:8080/group/1113" "Mozilla/5.0 (Windows NT 10.0; Win64; x64) AppleWebKit/537.36 (KHTML, like Gecko) Chrome/66.0.3359.181 Safari/537.36"
::1 - - [16/May/2018:21:36:45 +0000] "GET /assets/img/uploads/undefined HTTP/1.1" 404 167 "http://localhost:8080/group/1113" "Mozilla/5.0 (Windows NT 10.0; Win64; x64) AppleWebKit/537.36 (KHTML, like Gecko) Chrome/66.0.3359.181 Safari/537.36"
::1 - - [16/May/2018:21:38:12 +0000] "GET /profile/388 HTTP/1.1" 200 2604 "http://localhost:8080/group/1113" "Mozilla/5.0 (Windows NT 10.0; Win64; x64) AppleWebKit/537.36 (KHTML, like Gecko) Chrome/66.0.3359.181 Safari/537.36"
::1 - - [16/May/2018:21:38:12 +0000] "GET /assets/img/121.jpg HTTP/1.1" 304 - "http://localhost:8080/profile/388" "Mozilla/5.0 (Windows NT 10.0; Win64; x64) AppleWebKit/537.36 (KHTML, like Gecko) Chrome/66.0.3359.181 Safari/537.36"
::1 - - [16/May/2018:21:38:12 +0000] "GET /js/profile.js HTTP/1.1" 304 - "http://localhost:8080/profile/388" "Mozilla/5.0 (Windows NT 10.0; Win64; x64) AppleWebKit/537.36 (KHTML, like Gecko) Chrome/66.0.3359.181 Safari/537.36"
::1 - - [16/May/2018:21:38:14 +0000] "GET /login HTTP/1.1" 200 2669 "http://localhost:8080/profile/388" "Mozilla/5.0 (Windows NT 10.0; Win64; x64) AppleWebKit/537.36 (KHTML, like Gecko) Chrome/66.0.3359.181 Safari/537.36"
::1 - - [16/May/2018:21:38:14 +0000] "GET /js/login.js HTTP/1.1" 200 7298 "http://localhost:8080/login" "Mozilla/5.0 (Windows NT 10.0; Win64; x64) AppleWebKit/537.36 (KHTML, like Gecko) Chrome/66.0.3359.181 Safari/537.36"
::1 - - [16/May/2018:21:38:22 +0000] "POST /login HTTP/1.1" 302 68 "http://localhost:8080/login" "Mozilla/5.0 (Windows NT 10.0; Win64; x64) AppleWebKit/537.36 (KHTML, like Gecko) Chrome/66.0.3359.181 Safari/537.36"
::1 - - [16/May/2018:21:38:22 +0000] "GET /profile/388 HTTP/1.1" 200 2720 "http://localhost:8080/login" "Mozilla/5.0 (Windows NT 10.0; Win64; x64) AppleWebKit/537.36 (KHTML, like Gecko) Chrome/66.0.3359.181 Safari/537.36"
::1 - - [16/May/2018:21:38:22 +0000] "GET /js/profile.js HTTP/1.1" 304 - "http://localhost:8080/profile/388" "Mozilla/5.0 (Windows NT 10.0; Win64; x64) AppleWebKit/537.36 (KHTML, like Gecko) Chrome/66.0.3359.181 Safari/537.36"
::1 - - [16/May/2018:21:38:22 +0000] "GET /assets/img/121.jpg HTTP/1.1" 304 - "http://localhost:8080/profile/388" "Mozilla/5.0 (Windows NT 10.0; Win64; x64) AppleWebKit/537.36 (KHTML, like Gecko) Chrome/66.0.3359.181 Safari/537.36"
::1 - - [16/May/2018:21:38:27 +0000] "GET /newGroup HTTP/1.1" 200 2910 "-" "Mozilla/5.0 (Windows NT 10.0; Win64; x64) AppleWebKit/537.36 (KHTML, like Gecko) Chrome/66.0.3359.181 Safari/537.36"
::1 - - [16/May/2018:21:38:27 +0000] "GET /js/newgroup.js HTTP/1.1" 304 - "http://localhost:8080/newGroup" "Mozilla/5.0 (Windows NT 10.0; Win64; x64) AppleWebKit/537.36 (KHTML, like Gecko) Chrome/66.0.3359.181 Safari/537.36"
::1 - - [16/May/2018:21:38:39 +0000] "POST /newGroup HTTP/1.1" 302 66 "http://localhost:8080/newGroup" "Mozilla/5.0 (Windows NT 10.0; Win64; x64) AppleWebKit/537.36 (KHTML, like Gecko) Chrome/66.0.3359.181 Safari/537.36"
::1 - - [16/May/2018:21:38:40 +0000] "GET /group/1114 HTTP/1.1" 200 2357 "http://localhost:8080/newGroup" "Mozilla/5.0 (Windows NT 10.0; Win64; x64) AppleWebKit/537.36 (KHTML, like Gecko) Chrome/66.0.3359.181 Safari/537.36"
::1 - - [16/May/2018:21:38:40 +0000] "GET /js/group.js HTTP/1.1" 304 - "http://localhost:8080/group/1114" "Mozilla/5.0 (Windows NT 10.0; Win64; x64) AppleWebKit/537.36 (KHTML, like Gecko) Chrome/66.0.3359.181 Safari/537.36"
::1 - - [16/May/2018:21:38:40 +0000] "GET /assets/img/uploads/undefined HTTP/1.1" 404 167 "http://localhost:8080/group/1114" "Mozilla/5.0 (Windows NT 10.0; Win64; x64) AppleWebKit/537.36 (KHTML, like Gecko) Chrome/66.0.3359.181 Safari/537.36"
::1 - - [16/May/2018:21:40:00 +0000] "GET /group/1114 HTTP/1.1" 200 2411 "-" "Mozilla/5.0 (Windows NT 10.0; Win64; x64) AppleWebKit/537.36 (KHTML, like Gecko) Chrome/66.0.3359.181 Safari/537.36"
::1 - - [16/May/2018:21:40:00 +0000] "GET /js/group.js HTTP/1.1" 304 - "http://localhost:8080/group/1114" "Mozilla/5.0 (Windows NT 10.0; Win64; x64) AppleWebKit/537.36 (KHTML, like Gecko) Chrome/66.0.3359.181 Safari/537.36"
::1 - - [16/May/2018:21:40:00 +0000] "GET /assets/img/uploads/undefined HTTP/1.1" 404 167 "http://localhost:8080/group/1114" "Mozilla/5.0 (Windows NT 10.0; Win64; x64) AppleWebKit/537.36 (KHTML, like Gecko) Chrome/66.0.3359.181 Safari/537.36"
::1 - - [16/May/2018:21:40:31 +0000] "GET /group/1114 HTTP/1.1" 304 - "-" "Mozilla/5.0 (Windows NT 10.0; Win64; x64) AppleWebKit/537.36 (KHTML, like Gecko) Chrome/66.0.3359.181 Safari/537.36"
::1 - - [16/May/2018:21:40:31 +0000] "GET /js/group.js HTTP/1.1" 304 - "http://localhost:8080/group/1114" "Mozilla/5.0 (Windows NT 10.0; Win64; x64) AppleWebKit/537.36 (KHTML, like Gecko) Chrome/66.0.3359.181 Safari/537.36"
::1 - - [16/May/2018:21:40:31 +0000] "GET /assets/img/uploads/undefined HTTP/1.1" 404 167 "http://localhost:8080/group/1114" "Mozilla/5.0 (Windows NT 10.0; Win64; x64) AppleWebKit/537.36 (KHTML, like Gecko) Chrome/66.0.3359.181 Safari/537.36"
::1 - - [16/May/2018:21:40:42 +0000] "GET /group/1114 HTTP/1.1" 200 2426 "-" "Mozilla/5.0 (Windows NT 10.0; Win64; x64) AppleWebKit/537.36 (KHTML, like Gecko) Chrome/66.0.3359.181 Safari/537.36"
::1 - - [16/May/2018:21:40:42 +0000] "GET /js/group.js HTTP/1.1" 304 - "http://localhost:8080/group/1114" "Mozilla/5.0 (Windows NT 10.0; Win64; x64) AppleWebKit/537.36 (KHTML, like Gecko) Chrome/66.0.3359.181 Safari/537.36"
::1 - - [16/May/2018:21:40:42 +0000] "GET /assets/img/uploads/avatar-1526506718106.jpg HTTP/1.1" 200 137050 "http://localhost:8080/group/1114" "Mozilla/5.0 (Windows NT 10.0; Win64; x64) AppleWebKit/537.36 (KHTML, like Gecko) Chrome/66.0.3359.181 Safari/537.36"
